<?xml version="1.0" encoding="UTF-8"?>
<testsuite xmlns:xsi="http://www.w3.org/2001/XMLSchema-instance" xsi:noNamespaceSchemaLocation="https://maven.apache.org/surefire/maven-surefire-plugin/xsd/surefire-test-report-3.0.xsd" version="3.0" name="com.cydeo.runner.TestRunner" time="11.027" tests="5" errors="0" skipped="0" failures="0">
  <properties>
[...]
</properties>
  <testcase name="Add 2 numbers" classname="Calculator feature" time="5.369">
    <system-out><![CDATA[
@calculator @non-ui @addition
Scenario: Add 2 numbers                &amp#27;[90m# src/test/resources/features/calculator.feature:13&amp#27;[0m
@Given calculator_app_is_open
  &amp#27;[32mGiven &amp#27;[0m&amp#27;[32mcalculator app is open&amp#27;[0m         &amp#27;[90m# com.cydeo.step_definitions.CalculatorStepDef.calculator_app_is_open()&amp#27;[0m
When I add 2 with 2
  &amp#27;[32mWhen &amp#27;[0m&amp#27;[32mI add &amp#27;[0m&amp#27;[32m&amp#27;[1m2&amp#27;[0m&amp#27;[32m with &amp#27;[0m&amp#27;[32m&amp#27;[1m2&amp#27;[0m                  &amp#27;[90m# com.cydeo.step_definitions.CalculatorStepDef.i_add_with(java.lang.Integer,java.lang.Integer)&amp#27;[0m
@Then Result should be 4
  &amp#27;[32mThen &amp#27;[0m&amp#27;[32mI should get result &amp#27;[0m&amp#27;[32m&amp#27;[1m4&amp#27;[0m&amp#27;[32m displayed&amp#27;[0m &amp#27;[90m# com.cydeo.step_definitions.CalculatorStepDef.i_should_get_result_displayed(int)&amp#27;[0m
]]></system-out>
    <system-err><![CDATA[SLF4J: Failed to load class "org.slf4j.impl.StaticLoggerBinder".
SLF4J: Defaulting to no-operation (NOP) logger implementation
SLF4J: See http://www.slf4j.org/codes.html#StaticLoggerBinder for further details.
Starting ChromeDriver 94.0.4606.61 (418b78f5838ed0b1c69bb4e51ea0252171854915-refs/branch-heads/4606@{#1204}) on port 12693
Only local connections are allowed.
Please see https://chromedriver.chromium.org/security-considerations for suggestions on keeping ChromeDriver safe.
ChromeDriver was started successfully.
Oct 18, 2021 11:45:27 AM org.openqa.selenium.remote.ProtocolHandshake createSession
INFO: Detected dialect: W3C
]]></system-err>
  </testcase>
  <testcase name="Add 2 numbers another example" classname="Calculator feature" time="0.137">
    <system-out><![CDATA[
@calculator @non-ui @smoke
Scenario: Add 2 numbers another example &amp#27;[90m# src/test/resources/features/calculator.feature:19&amp#27;[0m
@Given calculator_app_is_open
  &amp#27;[32mGiven &amp#27;[0m&amp#27;[32mcalculator app is open&amp#27;[0m          &amp#27;[90m# com.cydeo.step_definitions.CalculatorStepDef.calculator_app_is_open()&amp#27;[0m
When I add 5 with 4
  &amp#27;[32mWhen &amp#27;[0m&amp#27;[32mI add &amp#27;[0m&amp#27;[32m&amp#27;[1m5&amp#27;[0m&amp#27;[32m with &amp#27;[0m&amp#27;[32m&amp#27;[1m4&amp#27;[0m                   &amp#27;[90m# com.cydeo.step_definitions.CalculatorStepDef.i_add_with(java.lang.Integer,java.lang.Integer)&amp#27;[0m
@Then Result should be 9
  &amp#27;[32mThen &amp#27;[0m&amp#27;[32mI should get result &amp#27;[0m&amp#27;[32m&amp#27;[1m9&amp#27;[0m&amp#27;[32m displayed&amp#27;[0m  &amp#27;[90m# com.cydeo.step_definitions.CalculatorStepDef.i_should_get_result_displayed(int)&amp#27;[0m
]]></system-out>
  </testcase>
  <testcase name="Add 2 numbers multiple example #1" classname="Calculator feature with data" time="0.156">
    <system-out><![CDATA[
@calculator @non_ui @wip2
Scenario Outline: Add 2 numbers multiple example &amp#27;[90m# src/test/resources/features/calculator_with_data.feature:14&amp#27;[0m
@Given calculator_app_is_open
  &amp#27;[32mGiven &amp#27;[0m&amp#27;[32mcalculator app is open&amp#27;[0m                   &amp#27;[90m# com.cydeo.step_definitions.CalculatorStepDef.calculator_app_is_open()&amp#27;[0m
When I add 3 with 4
  &amp#27;[32mWhen &amp#27;[0m&amp#27;[32mI add &amp#27;[0m&amp#27;[32m&amp#27;[1m3&amp#27;[0m&amp#27;[32m with &amp#27;[0m&amp#27;[32m&amp#27;[1m4&amp#27;[0m                            &amp#27;[90m# com.cydeo.step_definitions.CalculatorStepDef.i_add_with(java.lang.Integer,java.lang.Integer)&amp#27;[0m
@Then Result should be 7
  &amp#27;[32mThen &amp#27;[0m&amp#27;[32mI should get result &amp#27;[0m&amp#27;[32m&amp#27;[1m7&amp#27;[0m&amp#27;[32m displayed&amp#27;[0m           &amp#27;[90m# com.cydeo.step_definitions.CalculatorStepDef.i_should_get_result_displayed(int)&amp#27;[0m
]]></system-out>
  </testcase>
  <testcase name="Add 2 numbers multiple example #2" classname="Calculator feature with data" time="0.135">
    <system-out><![CDATA[
@calculator @non_ui @wip2
Scenario Outline: Add 2 numbers multiple example &amp#27;[90m# src/test/resources/features/calculator_with_data.feature:15&amp#27;[0m
@Given calculator_app_is_open
  &amp#27;[32mGiven &amp#27;[0m&amp#27;[32mcalculator app is open&amp#27;[0m                   &amp#27;[90m# com.cydeo.step_definitions.CalculatorStepDef.calculator_app_is_open()&amp#27;[0m
When I add 4 with 7
  &amp#27;[32mWhen &amp#27;[0m&amp#27;[32mI add &amp#27;[0m&amp#27;[32m&amp#27;[1m4&amp#27;[0m&amp#27;[32m with &amp#27;[0m&amp#27;[32m&amp#27;[1m7&amp#27;[0m                            &amp#27;[90m# com.cydeo.step_definitions.CalculatorStepDef.i_add_with(java.lang.Integer,java.lang.Integer)&amp#27;[0m
@Then Result should be 11
  &amp#27;[32mThen &amp#27;[0m&amp#27;[32mI should get result &amp#27;[0m&amp#27;[32m&amp#27;[1m11&amp#27;[0m&amp#27;[32m displayed&amp#27;[0m          &amp#27;[90m# com.cydeo.step_definitions.CalculatorStepDef.i_should_get_result_displayed(int)&amp#27;[0m
]]></system-out>
  </testcase>
  <testcase name="Add 2 numbers multiple example #3" classname="Calculator feature with data" time="0.142">
    <system-out><![CDATA[
@calculator @non_ui @wip2
Scenario Outline: Add 2 numbers multiple example &amp#27;[90m# src/test/resources/features/calculator_with_data.feature:16&amp#27;[0m
@Given calculator_app_is_open
  &amp#27;[32mGiven &amp#27;[0m&amp#27;[32mcalculator app is open&amp#27;[0m                   &amp#27;[90m# com.cydeo.step_definitions.CalculatorStepDef.calculator_app_is_open()&amp#27;[0m
When I add 6 with 11
  &amp#27;[32mWhen &amp#27;[0m&amp#27;[32mI add &amp#27;[0m&amp#27;[32m&amp#27;[1m6&amp#27;[0m&amp#27;[32m with &amp#27;[0m&amp#27;[32m&amp#27;[1m11&amp#27;[0m                           &amp#27;[90m# com.cydeo.step_definitions.CalculatorStepDef.i_add_with(java.lang.Integer,java.lang.Integer)&amp#27;[0m
@Then Result should be 17
  &amp#27;[32mThen &amp#27;[0m&amp#27;[32mI should get result &amp#27;[0m&amp#27;[32m&amp#27;[1m17&amp#27;[0m&amp#27;[32m displayed&amp#27;[0m          &amp#27;[90m# com.cydeo.step_definitions.CalculatorStepDef.i_should_get_result_displayed(int)&amp#27;[0m
]]></system-out>
  </testcase>
</testsuite>